<?xml version="1.0" encoding="UTF-8"?>
<Site BuildName="(empty)"
	BuildStamp="20240614-1144-Experimental"
	Name="yohannes"
	Generator="ctest-3.27.9"
	CompilerName="/usr/bin/c++"
	CompilerVersion="13.1.0"
	OSName="Linux"
	Hostname="yohannes"
	OSRelease="5.10.102.1-microsoft-standard-WSL2"
	OSVersion="#1 SMP Wed Mar 2 00:30:59 UTC 2022"
	OSPlatform="x86_64"
	Is64Bits="1"
	VendorString="GenuineIntel"
	VendorID="Intel Corporation"
	FamilyID="6"
	ModelID="165"
	ProcessorCacheSize="12288"
	NumberOfLogicalCPU="12"
	NumberOfPhysicalCPU="6"
	TotalVirtualMemory="2048"
	TotalPhysicalMemory="7900"
	LogicalProcessorsPerPhysical="2"
	ProcessorClockFrequency="2592.01"
	>
	<Testing>
		<StartDateTime>Jun 14 13:44 SAST</StartDateTime>
		<StartTestTime>1718365497</StartTestTime>
		<TestList/>
		<EndDateTime>Jun 14 13:44 SAST</EndDateTime>
		<EndTestTime>1718365497</EndTestTime>
		<ElapsedMinutes>0</ElapsedMinutes>
	</Testing>
</Site>
